Release 14.7 - ngc2edif P.20131013 (nt64)
Copyright (c) 1995-2013 Xilinx, Inc.  All rights reserved.
Reading design LIB_LCD4BITS_INTESC_REVB.ngc ...
WARNING:NetListWriters:298 - No output is written to
   LIB_LCD4BITS_INTESC_REVB.xncf, ignored.
Processing design ...
   Preping design's networks ...
   Preping design's macros ...
WARNING:NetListWriters:306 - Signal bus DATAIN_S<4 : 0> on block
   LIB_LCD4BITS_INTESC_REVB is not reconstructed, because there are some missing
   bus signals.
WARNING:NetListWriters:306 - Signal bus
   Inst_PROCESADOR_LCD4BITS_REVB/ESTADO_FUTURO<17 : 0> on block
   LIB_LCD4BITS_INTESC_REVB is not reconstructed, because there are some missing
   bus signals.
WARNING:NetListWriters:306 - Signal bus
   Inst_PROCESADOR_LCD4BITS_REVB/ESTADO_FUTURO_mux0008<19 : 4> on block
   LIB_LCD4BITS_INTESC_REVB is not reconstructed, because there are some missing
   bus signals.
WARNING:NetListWriters:306 - Signal bus
   Inst_PROCESADOR_LCD4BITS_REVB/ESTADO_mux0000<18 : 2> on block
   LIB_LCD4BITS_INTESC_REVB is not reconstructed, because there are some missing
   bus signals.
WARNING:NetListWriters:306 - Signal bus
   Inst_PROCESADOR_LCD4BITS_REVB/Mcompar_ENA_cmp_le0000_lut<12 : 0> on block
   LIB_LCD4BITS_INTESC_REVB is not reconstructed, because there are some missing
   bus signals.
WARNING:NetListWriters:306 - Signal bus
   Inst_PROCESADOR_LCD4BITS_REVB/Mcompar_ENA_cmp_lt0000_lut<9 : 1> on block
   LIB_LCD4BITS_INTESC_REVB is not reconstructed, because there are some missing
   bus signals.
WARNING:NetListWriters:306 - Signal bus
   Inst_PROCESADOR_LCD4BITS_REVB/Msub_DATA_CHAR_addsub0000_lut<6 : 1> on block
   LIB_LCD4BITS_INTESC_REVB is not reconstructed, because there are some missing
   bus signals.
WARNING:NetListWriters:306 - Signal bus
   Inst_PROCESADOR_LCD4BITS_REVB/Msub_VEC_POS_mux0000_lut<6 : 2> on block
   LIB_LCD4BITS_INTESC_REVB is not reconstructed, because there are some missing
   bus signals.
WARNING:NetListWriters:306 - Signal bus
   Inst_PROCESADOR_LCD4BITS_REVB/VEC_C_CHAR_mux0000<36 : 2> on block
   LIB_LCD4BITS_INTESC_REVB is not reconstructed, because there are some missing
   bus signals.
WARNING:NetListWriters:306 - Signal bus
   Inst_RS232/Mcompar_clk_flanco_cmp_lt0000_lut<7 : 0> on block
   LIB_LCD4BITS_INTESC_REVB is not reconstructed, because there are some missing
   bus signals.
WARNING:NetListWriters:306 - Signal bus
   Inst_RS232/Mcompar_clk_tx_baud_cmp_ge0000_lut<7 : 0> on block
   LIB_LCD4BITS_INTESC_REVB is not reconstructed, because there are some missing
   bus signals.
WARNING:NetListWriters:306 - Signal bus
   Inst_RS232_DTE/Mcompar_clk_tx_baud_cmp_ge0000_lut<7 : 0> on block
   LIB_LCD4BITS_INTESC_REVB is not reconstructed, because there are some missing
   bus signals.
WARNING:NetListWriters:306 - Signal bus Mcompar_RESIDUO_S_4_cmp_ge0001_lut<3 :
   1> on block LIB_LCD4BITS_INTESC_REVB is not reconstructed, because there are
   some missing bus signals.
WARNING:NetListWriters:306 - Signal bus Mcompar_RESIDUO_S_4_cmp_ge0002_lut<9 :
   1> on block LIB_LCD4BITS_INTESC_REVB is not reconstructed, because there are
   some missing bus signals.
WARNING:NetListWriters:306 - Signal bus Mcompar_RESIDUO_S_4_cmp_ge0003_lut<9 :
   1> on block LIB_LCD4BITS_INTESC_REVB is not reconstructed, because there are
   some missing bus signals.
WARNING:NetListWriters:306 - Signal bus Mcompar_RESIDUO_S_4_cmp_ge0004_lut<9 :
   1> on block LIB_LCD4BITS_INTESC_REVB is not reconstructed, because there are
   some missing bus signals.
WARNING:NetListWriters:306 - Signal bus Msub_RESIDUO_S_31_sub0004_Madd_lut<4 :
   2> on block LIB_LCD4BITS_INTESC_REVB is not reconstructed, because there are
   some missing bus signals.
WARNING:NetListWriters:306 - Signal bus Msub_RESIDUO_S_31_sub0005_Madd_lut<30 :
   2> on block LIB_LCD4BITS_INTESC_REVB is not reconstructed, because there are
   some missing bus signals.
WARNING:NetListWriters:306 - Signal bus Msub_RESIDUO_S_31_sub0006_Madd_lut<30 :
   2> on block LIB_LCD4BITS_INTESC_REVB is not reconstructed, because there are
   some missing bus signals.
WARNING:NetListWriters:306 - Signal bus Msub_RESIDUO_S_31_sub0007_lut<31 : 2> on
   block LIB_LCD4BITS_INTESC_REVB is not reconstructed, because there are some
   missing bus signals.
  finished :Prep
Writing EDIF netlist file LIB_LCD4BITS_INTESC_REVB.edif ...
ngc2edif: Total memory usage is 82308 kilobytes

