#-----------------------------------------------------------
# PlanAhead v14.7 (64-bit)
# Build 321239 by xbuild on Fri Sep 27 19:29:51 MDT 2013
# Start of session at: Wed May 16 18:21:04 2018
# Process ID: 4896
# Log file: C:/Users/Cristian/Documents/ISE/Modulo_Central/planAhead_run_3/planAhead.log
# Journal file: C:/Users/Cristian/Documents/ISE/Modulo_Central/planAhead_run_3/planAhead.jou
#-----------------------------------------------------------
INFO: [Common 17-78] Attempting to get a license: PlanAhead
INFO: [Common 17-290] Got license for PlanAhead
INFO: [Device 21-36] Loading parts and site information from C:/Xilinx/14.7/ISE_DS/PlanAhead/data/parts/arch.xml
Parsing RTL primitives file [C:/Xilinx/14.7/ISE_DS/PlanAhead/data/parts/xilinx/rtl/prims/rtl_prims.xml]
Finished parsing RTL primitives file [C:/Xilinx/14.7/ISE_DS/PlanAhead/data/parts/xilinx/rtl/prims/rtl_prims.xml]
start_gui
source C:/Users/Cristian/Documents/ISE/Modulo_Central/pa.fromNetlist.tcl
# create_project -name Modulo_Central -dir "C:/Users/Cristian/Documents/ISE/Modulo_Central/planAhead_run_3" -part xc3s500efg320-4
ERROR: [Common 17-53] User Exception: Project already exists on disk, please use '-force' option to overwrite: 
     C:/Users/Cristian/Documents/ISE/Modulo_Central/planAhead_run_3/Modulo_Central.ppr
     C:/Users/Cristian/Documents/ISE/Modulo_Central/planAhead_run_3/Modulo_Central.data

    while executing
"create_project -name Modulo_Central -dir "C:/Users/Cristian/Documents/ISE/Modulo_Central/planAhead_run_3" -part xc3s500efg320-4"
    (file "C:/Users/Cristian/Documents/ISE/Modulo_Central/pa.fromNetlist.tcl" line 4)
exit
INFO: [Common 17-206] Exiting PlanAhead at Wed May 16 18:21:47 2018...
INFO: [Common 17-83] Releasing license: PlanAhead
