Running: C:\Xilinx\14.7\ISE_DS\ISE\bin\nt64\unwrapped\fuse.exe -intstyle ise -incremental -o C:/Users/Cristian/Documents/ISE/Colector/COLECTO_TB_isim_beh.exe -prj C:/Users/Cristian/Documents/ISE/Colector/COLECTO_TB_beh.prj work.COLECTO_TB 
ISim P.20131013 (signature 0x7708f090)
Number of CPUs detected in this system: 2
Turning on mult-threading, number of parallel sub-compilation jobs: 4 
Determining compilation order of HDL files
Parsing VHDL file "C:/Users/Cristian/Documents/ISE/Colector/COLECTO.vhd" into library work
Parsing VHDL file "C:/Users/Cristian/Documents/ISE/Colector/COLECTO_TB.vhd" into library work
Starting static elaboration
Completed static elaboration
Compiling package standard
Compiling package std_logic_1164
Compiling package numeric_std
Compiling package std_logic_arith
Compiling package std_logic_unsigned
Compiling architecture behavioral of entity COLECTO [colecto_default]
Compiling architecture behavior of entity colecto_tb
Time Resolution for simulation is 1ps.
Waiting for 3 sub-compilation(s) to finish...
Compiled 8 VHDL Units
Built simulation executable C:/Users/Cristian/Documents/ISE/Colector/COLECTO_TB_isim_beh.exe
Fuse Memory Usage: 35276 KB
Fuse CPU Usage: 935 ms
