Release 14.7 - ngc2edif P.20131013 (nt64)
Copyright (c) 1995-2013 Xilinx, Inc.  All rights reserved.
Reading design LIB_LCD_INTESC_REVC.ngc ...
WARNING:NetListWriters:298 - No output is written to LIB_LCD_INTESC_REVC.xncf,
   ignored.
Processing design ...
   Preping design's networks ...
   Preping design's macros ...
WARNING:NetListWriters:306 - Signal bus U1/BD_LCD_mux0000<2 : 0> on block
   LIB_LCD_INTESC_REVC is not reconstructed, because there are some missing bus
   signals.
WARNING:NetListWriters:306 - Signal bus U1/Mcompar_ENA_cmp_le0000_lut<9 : 0> on
   block LIB_LCD_INTESC_REVC is not reconstructed, because there are some
   missing bus signals.
WARNING:NetListWriters:306 - Signal bus U1/Mcompar_ENA_cmp_lt0000_lut<6 : 1> on
   block LIB_LCD_INTESC_REVC is not reconstructed, because there are some
   missing bus signals.
WARNING:NetListWriters:306 - Signal bus U1/VEC_C_CHAR_mux0000<18 : 13> on block
   LIB_LCD_INTESC_REVC is not reconstructed, because there are some missing bus
   signals.
  finished :Prep
Writing EDIF netlist file LIB_LCD_INTESC_REVC.edif ...
ngc2edif: Total memory usage is 79692 kilobytes

Release 14.7 - ngc2edif P.20131013 (nt64)
Copyright (c) 1995-2013 Xilinx, Inc.  All rights reserved.
Reading design LIB_LCD_INTESC_REVC.ngc ...
WARNING:NetListWriters:298 - No output is written to LIB_LCD_INTESC_REVC.xncf,
   ignored.
Processing design ...
   Preping design's networks ...
   Preping design's macros ...
WARNING:NetListWriters:306 - Signal bus
   Inst_PROCESADOR_LCD_REVC/BD_LCD_mux0000<2 : 0> on block LIB_LCD_INTESC_REVC
   is not reconstructed, because there are some missing bus signals.
WARNING:NetListWriters:306 - Signal bus
   Inst_PROCESADOR_LCD_REVC/Mcompar_ENA_cmp_le0000_lut<9 : 0> on block
   LIB_LCD_INTESC_REVC is not reconstructed, because there are some missing bus
   signals.
WARNING:NetListWriters:306 - Signal bus
   Inst_PROCESADOR_LCD_REVC/Mcompar_ENA_cmp_lt0000_lut<6 : 1> on block
   LIB_LCD_INTESC_REVC is not reconstructed, because there are some missing bus
   signals.
WARNING:NetListWriters:306 - Signal bus
   Inst_PROCESADOR_LCD_REVC/VEC_C_CHAR_mux0000<18 : 13> on block
   LIB_LCD_INTESC_REVC is not reconstructed, because there are some missing bus
   signals.
  finished :Prep
Writing EDIF netlist file LIB_LCD_INTESC_REVC.edif ...
ngc2edif: Total memory usage is 79244 kilobytes

Release 14.7 - ngc2edif P.20131013 (nt64)
Copyright (c) 1995-2013 Xilinx, Inc.  All rights reserved.
Reading design LIB_LCD_INTESC_REVC.ngc ...
WARNING:NetListWriters:298 - No output is written to LIB_LCD_INTESC_REVC.xncf,
   ignored.
Processing design ...
   Preping design's networks ...
   Preping design's macros ...
WARNING:NetListWriters:306 - Signal bus
   Inst_PROCESADOR_LCD_REVC/BD_LCD_mux0000<2 : 0> on block LIB_LCD_INTESC_REVC
   is not reconstructed, because there are some missing bus signals.
WARNING:NetListWriters:306 - Signal bus
   Inst_PROCESADOR_LCD_REVC/Mcompar_ENA_cmp_le0000_lut<9 : 0> on block
   LIB_LCD_INTESC_REVC is not reconstructed, because there are some missing bus
   signals.
WARNING:NetListWriters:306 - Signal bus
   Inst_PROCESADOR_LCD_REVC/Mcompar_ENA_cmp_lt0000_lut<6 : 1> on block
   LIB_LCD_INTESC_REVC is not reconstructed, because there are some missing bus
   signals.
WARNING:NetListWriters:306 - Signal bus
   Inst_PROCESADOR_LCD_REVC/VEC_C_CHAR_mux0000<18 : 13> on block
   LIB_LCD_INTESC_REVC is not reconstructed, because there are some missing bus
   signals.
  finished :Prep
Writing EDIF netlist file LIB_LCD_INTESC_REVC.edif ...
ngc2edif: Total memory usage is 79876 kilobytes

