Release 14.7 - ngc2edif P.20131013 (nt64)
Copyright (c) 1995-2013 Xilinx, Inc.  All rights reserved.
Reading design Sensor.ngc ...
WARNING:NetListWriters:298 - No output is written to Sensor.xncf, ignored.
Processing design ...
   Preping design's networks ...
   Preping design's macros ...
  finished :Prep
Writing EDIF netlist file Sensor.edif ...
ngc2edif: Total memory usage is 75144 kilobytes

Release 14.7 - ngc2edif P.20131013 (nt64)
Copyright (c) 1995-2013 Xilinx, Inc.  All rights reserved.
Reading design Sensor.ngc ...
WARNING:NetListWriters:298 - No output is written to Sensor.xncf, ignored.
Processing design ...
   Preping design's networks ...
   Preping design's macros ...
  finished :Prep
Writing EDIF netlist file Sensor.edif ...
ngc2edif: Total memory usage is 75400 kilobytes

Release 14.7 - ngc2edif P.20131013 (nt64)
Copyright (c) 1995-2013 Xilinx, Inc.  All rights reserved.
Reading design Sensor.ngc ...
WARNING:NetListWriters:298 - No output is written to Sensor.xncf, ignored.
Processing design ...
   Preping design's networks ...
   Preping design's macros ...
  finished :Prep
Writing EDIF netlist file Sensor.edif ...
ngc2edif: Total memory usage is 75656 kilobytes

