Command line:
   LatchSR_AA_TB_isim_beh.exe
     -simmode  gui
     -simrunnum  0
     -socket  50119

Wed Feb 28 23:26:39 2018


 Elaboration Time: 0.0468 sec

 Current Memory Usage: 663.319 Meg

 Total Signals          : 10
 Total Nets             : 6
 Total Signal Drivers   : 6
 Total Blocks           : 3
 Total Primitive Blocks : 2
 Total Processes        : 5
 Total Traceable Variables  : 8
 Total Scalar Nets and Variables : 366
Total Line Count : 17

 Total Simulation Time: 0.0936 sec

 Current Memory Usage: 977.891 Meg

Wed Feb 28 23:27:23 2018

