Command line:
   AND_TF_isim_beh.exe
     -simmode  gui
     -simrunnum  0
     -socket  50336

Sat Aug 04 14:22:14 2018


 Elaboration Time: 0.078 sec

 Current Memory Usage: 667.238 Meg

 Total Signals          : 17
 Total Nets             : 16
 Total Signal Drivers   : 8
 Total Blocks           : 3
 Total Primitive Blocks : 2
 Total Processes        : 10
 Total Traceable Variables  : 20
 Total Scalar Nets and Variables : 98
Total Line Count : 28

 Total Simulation Time: 0.0936 sec

 Current Memory Usage: 667.238 Meg

Sat Aug 04 14:22:28 2018

